#
# A fatal error has been detected by the Java Runtime Environment:
#
#  EXCEPTION_ACCESS_VIOLATION (0xc0000005) at pc=0x00007ff9f03bfa29, pid=28620, tid=8312
#
# JRE version: OpenJDK Runtime Environment Temurin-17.0.8.1+1 (17.0.8.1+1) (build 17.0.8.1+1)
# Java VM: OpenJDK 64-Bit Server VM Temurin-17.0.8.1+1 (17.0.8.1+1, mixed mode, tiered, compressed oops, compressed class ptrs, g1 gc, windows-amd64)
# Problematic frame:
# V  [jvm.dll+0x23fa29]
#
# No core dump will be written. Minidumps are not enabled by default on client versions of Windows
#
# If you would like to submit a bug report, please visit:
#   https://github.com/adoptium/adoptium-support/issues
#

---------------  S U M M A R Y ------------

Command Line: -XX:+ShowCodeDetailsInExceptionMessages -agentlib:jdwp=transport=dt_socket,suspend=y,address=localhost:53584 -javaagent:D:\eclipse-java-2023-09-R-win32-x86_64\eclipse\configuration\org.eclipse.osgi\252\0\.cp\lib\javaagent-shaded.jar -Dfile.encoding=UTF-8 -Dstdout.encoding=UTF-8 -Dstderr.encoding=UTF-8 com.funix.foodsaverAPI.FoodSaverApiApplication

Host: Intel(R) Core(TM) i5-9300H CPU @ 2.40GHz, 8 cores, 15G,  Windows 11 , 64 bit Build 22621 (10.0.22621.3672)
Time: Mon Jul  8 20:19:05 2024 SE Asia Standard Time elapsed time: 1452.337517 seconds (0d 0h 24m 12s)

---------------  T H R E A D  ---------------

Current thread (0x0000020b932e3070):  VMThread "VM Thread" [stack: 0x0000001b36300000,0x0000001b36400000] [id=8312]

Stack: [0x0000001b36300000,0x0000001b36400000],  sp=0x0000001b363ff2c0,  free space=1020k
Native frames: (J=compiled Java code, j=interpreted, Vv=VM code, C=native code)
V  [jvm.dll+0x23fa29]
V  [jvm.dll+0x62dd33]
V  [jvm.dll+0x62e6f1]
V  [jvm.dll+0x52d6ed]
V  [jvm.dll+0x531318]
V  [jvm.dll+0x52f10b]
V  [jvm.dll+0x83c15b]
V  [jvm.dll+0x83ce94]
V  [jvm.dll+0x83d3ac]
V  [jvm.dll+0x83d784]
V  [jvm.dll+0x83d850]
V  [jvm.dll+0x7e64ca]
V  [jvm.dll+0x677955]
C  [ucrtbase.dll+0x29333]
C  [KERNEL32.DLL+0x1257d]
C  [ntdll.dll+0x5af28]


siginfo: EXCEPTION_ACCESS_VIOLATION (0xc0000005), reading address 0x0000020ba40a11d0


Register to memory mapping:

RIP=0x00007ff9f03bfa29 jvm.dll
RAX=2097152 is a compressed pointer to class: 0x0000000800200000
ch.qos.logback.core.pattern.util.AsIsEscapeUtil {0x0000000800200008}
 - instance size:     2
 - klass size:        68
 - access:            public synchronized 
 - state:             fully_initialized
 - name:              'ch/qos/logback/core/pattern/util/AsIsEscapeUtil'
 - super:             'java/lang/Object'
 - sub:               
 - arrays:            NULL
 - methods:           Array<T>(0x0000020b950cccb0)
 - method ordering:   Array<T>(0x0000020b950cce48)
 - default_methods:   Array<T>(0x0000000000000000)
 - local interfaces:  Array<T>(0x0000020b950ccc90)
 - trans. interfaces: Array<T>(0x0000020b950ccc90)
 - constants:         constant pool [40] {0x0000020b950ccae8} for 'ch/qos/logback/core/pattern/util/AsIsEscapeUtil' cache=0x0000020b950cce58
 - class loader data:  loader data: 0x0000020b9353abc0 for instance a 'jdk/internal/loader/ClassLoaders$AppClassLoader'{0x000000070290d620}
 - source file:       'AsIsEscapeUtil.java'
 - source debug extension:       SMAP
AsIsEscapeUtil.java
Java
*S jdt
*F
1 AsIsEscapeUtil.java
2 file:/C:/Users/duong/.m2/repository/ch/qos/logback/logback-core/1.5.6/logback-core-1.5.6.jar
*L
*E

 - class annotations:       Array<T>(0x0000000000000000)
 - class type annotations:  Array<T>(0x0000000000000000)
 - field annotations:       Array<T>(0x0000000000000000)
 - field type annotations:  Array<T>(0x0000000000000000)
 - inner classes:     Array<T>(0x0000020b94000028)
 - nest members:     Array<T>(0x0000020b94000028)
 - permitted subclasses:     Array<T>(0x0000020b94000028)
 - java mirror:       a 'java/lang/Class'{0x0000000703691108} = 'ch/qos/logback/core/pattern/util/AsIsEscapeUtil'
 - vtable length      6  (start addr: 0x00000008002001c8)
 - itable length      5 (start addr: 0x00000008002001f8)
 - ---- static fields (0 words):
 - ---- non-static fields (0 words):
 - non-static oop maps: 
RBX=0x0000020ba3e938f0 is pointing into metadata
RCX=0x0000020ba3ea11d0 is pointing into metadata
RDX=0x000000000000ffff is an unknown value
RSP=0x0000001b363ff2c0 points into unknown readable memory: 0x0000000000000000 | 00 00 00 00 00 00 00 00
RBP=0x0000020ba3e938f0 is pointing into metadata
RSI=0x000000000000ffff is an unknown value
RDI=0x000000000000ffff is an unknown value
R8 ={method} {0x0000020ba3e93de0} '<init>' '()V' in 'com/funix/foodsaverAPI/controllers/UserController'
R9 =0x0000001b363ff3a0 points into unknown readable memory: 0x0000020ba3e93dd8 | d8 3d e9 a3 0b 02 00 00
R10=0x0000020b932d0a90 points into unknown readable memory: 0x0000001e00000002 | 02 00 00 00 1e 00 00 00
R11={method} {0x0000020ba3e93de0} '<init>' '()V' in 'com/funix/foodsaverAPI/controllers/UserController'
R12=0x0000020ba3ea0cb8 is pointing into metadata
R13=0x00007ff9f0180000 jvm.dll
R14=0x0000001b363ff3d0 points into unknown readable memory: 0x0000020ba3e932a0 | a0 32 e9 a3 0b 02 00 00
R15=0x0000020ba3e938f0 is pointing into metadata


Registers:
RAX=0x0000000000200000, RBX=0x0000020ba3e938f0, RCX=0x0000020ba3ea11d0, RDX=0x000000000000ffff
RSP=0x0000001b363ff2c0, RBP=0x0000020ba3e938f0, RSI=0x000000000000ffff, RDI=0x000000000000ffff
R8 =0x0000020ba3e93dd8, R9 =0x0000001b363ff3a0, R10=0x0000020b932d0a90, R11=0x0000020ba3e93dd8
R12=0x0000020ba3ea0cb8, R13=0x00007ff9f0180000, R14=0x0000001b363ff3d0, R15=0x0000020ba3e938f0
RIP=0x00007ff9f03bfa29, EFLAGS=0x0000000000010206

Top of Stack: (sp=0x0000001b363ff2c0)
0x0000001b363ff2c0:   0000000000000000 0000001b363ff379
0x0000001b363ff2d0:   0000020bf23d0000 00007ffa4e32cc9a
0x0000001b363ff2e0:   0000000000000001 00007ff9f07add33
0x0000001b363ff2f0:   00000000000000b7 00007ff9f04cd064
0x0000001b363ff300:   0000001b363ff3a0 0000000000000000
0x0000001b363ff310:   0000000000000002 0000000000000001
0x0000001b363ff320:   0000001b363ff3a0 00007ff9f02a7f4e
0x0000001b363ff330:   0000020ba3e93dd8 0000000000000000
0x0000001b363ff340:   0000020ba3e938f0 0000020ba3e93d29
0x0000001b363ff350:   00000000000000b7 00007ff9f07ae6f1
0x0000001b363ff360:   00000000000000b7 0000001b363ff3d9
0x0000001b363ff370:   00000000000000b7 0000000800c10210
0x0000001b363ff380:   0000020ba3ea0cb8 0000020ba3e938f0
0x0000001b363ff390:   0000020ba3e93dd8 0000020b932e3070
0x0000001b363ff3a0:   0000020ba3e93dd8 0000020b932e3070
0x0000001b363ff3b0:   0000000400000001 000000b700000005 

Instructions: (pc=0x00007ff9f03bfa29)
0x00007ff9f03bf929:   cc cc cc cc cc cc cc 48 89 5c 24 10 48 89 74 24
0x00007ff9f03bf939:   18 57 48 83 ec 30 48 63 da 49 8b f0 48 8b f9 85
0x00007ff9f03bf949:   d2 79 24 4c 8d 0d c5 56 70 00 ba b4 02 00 00 4c
0x00007ff9f03bf959:   8d 05 f1 56 70 00 48 8d 0d 6a 56 70 00 e8 a5 79
0x00007ff9f03bf969:   00 00 e8 b0 8c 43 00 48 8b 4f 10 48 85 c9 74 0f
0x00007ff9f03bf979:   48 8d 43 01 48 c1 e0 05 48 8b 04 08 0f b7 d8 48
0x00007ff9f03bf989:   63 c3 48 8d 54 24 40 48 89 7c 24 20 48 89 74 24
0x00007ff9f03bf999:   28 48 8b 8e 48 02 00 00 8b 5c c7 48 48 89 7c 24
0x00007ff9f03bf9a9:   40 e8 b1 b0 dc ff 0f b7 d3 48 8d 4c 24 20 4c 8b
0x00007ff9f03bf9b9:   c6 e8 f1 fb ff ff 48 8d 4c 24 20 48 8b d8 e8 24
0x00007ff9f03bf9c9:   d7 10 00 48 8b 74 24 50 48 8b c3 48 8b 5c 24 48
0x00007ff9f03bf9d9:   48 83 c4 30 5f c3 cc 48 89 5c 24 08 57 48 83 ec
0x00007ff9f03bf9e9:   20 48 63 fa 48 8b d9 85 d2 79 24 4c 8d 0d 1d 56
0x00007ff9f03bf9f9:   70 00 ba b4 02 00 00 4c 8d 05 49 56 70 00 48 8d
0x00007ff9f03bfa09:   0d c2 55 70 00 e8 fd 78 00 00 e8 08 8c 43 00 48
0x00007ff9f03bfa19:   8b 4b 10 48 85 c9 74 0f 48 8d 47 01 48 c1 e0 05
0x00007ff9f03bfa29:   48 8b 04 08 0f b7 f8 48 63 c7 0f b7 4c c3 48 0f
0x00007ff9f03bfa39:   b7 44 cb 4a 48 8b 44 c3 48 48 8b 5c 24 30 48 83
0x00007ff9f03bfa49:   c4 20 5f c3 cc cc cc 4c 8b 41 20 4d 8b 00 e9 64
0x00007ff9f03bfa59:   02 00 00 cc cc cc cc 48 8b 49 20 48 8b 09 e9 24
0x00007ff9f03bfa69:   59 00 00 cc cc cc cc 48 89 5c 24 18 56 57 41 56
0x00007ff9f03bfa79:   48 83 ec 20 48 83 3d ab db 91 00 00 4c 8b f2 48
0x00007ff9f03bfa89:   8b f9 74 0f 48 8b d1 48 8d 0d 11 55 70 00 e8 34
0x00007ff9f03bfa99:   79 e6 ff 45 33 c0 41 8d 50 17 8d 4a 11 e8 45 6e
0x00007ff9f03bfaa9:   e6 ff 33 db 48 85 c0 74 22 48 8d 4f 08 89 58 08
0x00007ff9f03bfab9:   48 89 48 20 48 8d 0d ac 4f 6d 00 48 89 08 88 58
0x00007ff9f03bfac9:   0c 48 89 58 10 48 89 58 18 eb 03 48 8b c3 48 8b
0x00007ff9f03bfad9:   d0 49 8b ce e8 8e 09 3e 00 45 33 c0 41 8d 50 17
0x00007ff9f03bfae9:   8d 4a 11 e8 ff 6d e6 ff 48 85 c0 74 27 48 8d 0d
0x00007ff9f03bfaf9:   e3 59 70 00 c7 40 08 02 00 00 00 48 89 08 48 8d
0x00007ff9f03bfb09:   4f 10 48 89 48 20 c6 40 0c 00 48 89 58 10 48 89
0x00007ff9f03bfb19:   58 18 eb 03 48 8b c3 48 8b d0 49 8b ce e8 45 09 


Stack slot to memory mapping:
stack at sp + 0 slots: 0x0 is NULL
stack at sp + 1 slots: 0x0000001b363ff379 points into unknown readable memory: 02 c1 00 08 00 00 00
stack at sp + 2 slots: 0x0000020bf23d0000 points into unknown readable memory: 0x0000000000000000 | 00 00 00 00 00 00 00 00
stack at sp + 3 slots: 0x00007ffa4e32cc9a ntdll.dll
stack at sp + 4 slots: 0x0000000000000001 is an unknown value
stack at sp + 5 slots: 0x00007ff9f07add33 jvm.dll
stack at sp + 6 slots: 0x00000000000000b7 is an unknown value
stack at sp + 7 slots: 0x00007ff9f04cd064 jvm.dll

VM_Operation (0x0000001b36eff810): RedefineClasses, mode: safepoint, requested by thread 0x0000020b935b6b00, redefining class com.funix.foodsaverAPI.controllers.UserController



---------------  P R O C E S S  ---------------

Threads class SMR info:
_java_thread_list=0x0000020b9a209970, length=35, elements={
0x0000020b93305260, 0x0000020b933060e0, 0x0000020b932f1a90, 0x0000020b9332e110,
0x0000020b9332ecd0, 0x0000020b9332f890, 0x0000020b9333e160, 0x0000020b9333f020,
0x0000020b93342950, 0x0000020b934e5670, 0x0000020b935b6b00, 0x0000020b935e8b60,
0x0000020b935eb360, 0x0000020b98429ff0, 0x0000020b997d2e60, 0x0000020b997d4cc0,
0x0000020b9fb36160, 0x0000020ba7aa0490, 0x0000020ba7aa13c0, 0x0000020ba7a9ff80,
0x0000020ba7aa0eb0, 0x0000020ba7a9d700, 0x0000020ba7a9ae80, 0x0000020ba7a9e120,
0x0000020ba7a9eb40, 0x0000020ba7a9f050, 0x0000020ba7aa2800, 0x0000020ba7a9b390,
0x0000020ba7a9b8a0, 0x0000020ba7a9bdb0, 0x0000020ba7a9c2c0, 0x0000020ba7a9f560,
0x0000020ba7a9c7d0, 0x0000020ba7a9cce0, 0x0000020b99b05f20
}

Java Threads: ( => current thread )
  0x0000020b93305260 JavaThread "Reference Handler" daemon [_thread_blocked, id=26916, stack(0x0000001b36400000,0x0000001b36500000)]
  0x0000020b933060e0 JavaThread "Finalizer" daemon [_thread_blocked, id=5900, stack(0x0000001b36500000,0x0000001b36600000)]
  0x0000020b932f1a90 JavaThread "Signal Dispatcher" daemon [_thread_blocked, id=22684, stack(0x0000001b36600000,0x0000001b36700000)]
  0x0000020b9332e110 JavaThread "Attach Listener" daemon [_thread_blocked, id=25440, stack(0x0000001b36700000,0x0000001b36800000)]
  0x0000020b9332ecd0 JavaThread "Service Thread" daemon [_thread_blocked, id=21172, stack(0x0000001b36800000,0x0000001b36900000)]
  0x0000020b9332f890 JavaThread "Monitor Deflation Thread" daemon [_thread_blocked, id=5572, stack(0x0000001b36900000,0x0000001b36a00000)]
  0x0000020b9333e160 JavaThread "C2 CompilerThread0" daemon [_thread_blocked, id=12388, stack(0x0000001b36a00000,0x0000001b36b00000)]
  0x0000020b9333f020 JavaThread "C1 CompilerThread0" daemon [_thread_blocked, id=2628, stack(0x0000001b36b00000,0x0000001b36c00000)]
  0x0000020b93342950 JavaThread "Sweeper thread" daemon [_thread_blocked, id=16672, stack(0x0000001b36c00000,0x0000001b36d00000)]
  0x0000020b934e5670 JavaThread "Common-Cleaner" daemon [_thread_blocked, id=20620, stack(0x0000001b36d00000,0x0000001b36e00000)]
  0x0000020b935b6b00 JavaThread "JDWP Transport Listener: dt_socket" daemon [_thread_blocked, id=22892, stack(0x0000001b36e00000,0x0000001b36f00000)]
  0x0000020b935e8b60 JavaThread "JDWP Event Helper Thread" daemon [_thread_blocked, id=12988, stack(0x0000001b36f00000,0x0000001b37000000)]
  0x0000020b935eb360 JavaThread "JDWP Command Reader" daemon [_thread_in_native, id=6840, stack(0x0000001b37000000,0x0000001b37100000)]
  0x0000020b98429ff0 JavaThread "Notification Thread" daemon [_thread_blocked, id=17400, stack(0x0000001b37200000,0x0000001b37300000)]
  0x0000020b997d2e60 JavaThread "mysql-cj-abandoned-connection-cleanup" daemon [_thread_blocked, id=29712, stack(0x0000001b38000000,0x0000001b38100000)]
  0x0000020b997d4cc0 JavaThread "Live Reload Server" daemon [_thread_in_native, id=27620, stack(0x0000001b38900000,0x0000001b38a00000)]
  0x0000020b9fb36160 JavaThread "DestroyJavaVM" [_thread_blocked, id=15472, stack(0x0000001b35d00000,0x0000001b35e00000)]
  0x0000020ba7aa0490 JavaThread "File Watcher" daemon [_thread_blocked, id=26632, stack(0x0000001b35c00000,0x0000001b35d00000)]
  0x0000020ba7aa13c0 JavaThread "HikariPool-49 housekeeper" daemon [_thread_blocked, id=28764, stack(0x0000001b37a00000,0x0000001b37b00000)]
  0x0000020ba7a9ff80 JavaThread "Catalina-utility-1" [_thread_blocked, id=8748, stack(0x0000001b38300000,0x0000001b38400000)]
  0x0000020ba7aa0eb0 JavaThread "Catalina-utility-2" [_thread_blocked, id=24128, stack(0x0000001b38400000,0x0000001b38500000)]
  0x0000020ba7a9d700 JavaThread "container-1" [_thread_blocked, id=24328, stack(0x0000001b38500000,0x0000001b38600000)]
  0x0000020ba7a9ae80 JavaThread "File Watcher" daemon [_thread_blocked, id=20428, stack(0x0000001b38600000,0x0000001b38700000)]
  0x0000020ba7a9e120 JavaThread "http-nio-8080-exec-1" daemon [_thread_blocked, id=17168, stack(0x0000001b38700000,0x0000001b38800000)]
  0x0000020ba7a9eb40 JavaThread "http-nio-8080-exec-2" daemon [_thread_blocked, id=7832, stack(0x0000001b38800000,0x0000001b38900000)]
  0x0000020ba7a9f050 JavaThread "http-nio-8080-exec-3" daemon [_thread_blocked, id=27480, stack(0x0000001b38a00000,0x0000001b38b00000)]
  0x0000020ba7aa2800 JavaThread "http-nio-8080-exec-4" daemon [_thread_blocked, id=23940, stack(0x0000001b38b00000,0x0000001b38c00000)]
  0x0000020ba7a9b390 JavaThread "http-nio-8080-exec-5" daemon [_thread_blocked, id=24528, stack(0x0000001b38c00000,0x0000001b38d00000)]
  0x0000020ba7a9b8a0 JavaThread "http-nio-8080-exec-6" daemon [_thread_blocked, id=16276, stack(0x0000001b38d00000,0x0000001b38e00000)]
  0x0000020ba7a9bdb0 JavaThread "http-nio-8080-exec-7" daemon [_thread_blocked, id=13464, stack(0x0000001b38e00000,0x0000001b38f00000)]
  0x0000020ba7a9c2c0 JavaThread "http-nio-8080-exec-8" daemon [_thread_blocked, id=5256, stack(0x0000001b38f00000,0x0000001b39000000)]
  0x0000020ba7a9f560 JavaThread "http-nio-8080-exec-9" daemon [_thread_blocked, id=15276, stack(0x0000001b39000000,0x0000001b39100000)]
  0x0000020ba7a9c7d0 JavaThread "http-nio-8080-exec-10" daemon [_thread_blocked, id=23236, stack(0x0000001b39100000,0x0000001b39200000)]
  0x0000020ba7a9cce0 JavaThread "http-nio-8080-Poller" daemon [_thread_blocked, id=16140, stack(0x0000001b39200000,0x0000001b39300000)]
  0x0000020b99b05f20 JavaThread "http-nio-8080-Acceptor" daemon [_thread_in_native, id=1416, stack(0x0000001b39300000,0x0000001b39400000)]

Other Threads:
=>0x0000020b932e3070 VMThread "VM Thread" [stack: 0x0000001b36300000,0x0000001b36400000] [id=8312]
  0x0000020b9842a4d0 WatcherThread [stack: 0x0000001b37300000,0x0000001b37400000] [id=2116]
  0x0000020bf275a830 GCTaskThread "GC Thread#0" [stack: 0x0000001b35e00000,0x0000001b35f00000] [id=28000]
  0x0000020b987fbe80 GCTaskThread "GC Thread#1" [stack: 0x0000001b37400000,0x0000001b37500000] [id=30176]
  0x0000020b987fc140 GCTaskThread "GC Thread#2" [stack: 0x0000001b37500000,0x0000001b37600000] [id=28268]
  0x0000020b987fc400 GCTaskThread "GC Thread#3" [stack: 0x0000001b37600000,0x0000001b37700000] [id=28072]
  0x0000020b987fc6c0 GCTaskThread "GC Thread#4" [stack: 0x0000001b37700000,0x0000001b37800000] [id=18064]
  0x0000020b98c73c20 GCTaskThread "GC Thread#5" [stack: 0x0000001b37800000,0x0000001b37900000] [id=13780]
  0x0000020b98c74ee0 GCTaskThread "GC Thread#6" [stack: 0x0000001b37900000,0x0000001b37a00000] [id=26156]
  0x0000020b98d573e0 GCTaskThread "GC Thread#7" [stack: 0x0000001b37c00000,0x0000001b37d00000] [id=4016]
  0x0000020bf276bcb0 ConcurrentGCThread "G1 Main Marker" [stack: 0x0000001b35f00000,0x0000001b36000000] [id=23668]
  0x0000020bf276c6c0 ConcurrentGCThread "G1 Conc#0" [stack: 0x0000001b36000000,0x0000001b36100000] [id=11468]
  0x0000020b9ac5ab40 ConcurrentGCThread "G1 Conc#1" [stack: 0x0000001b37f00000,0x0000001b38000000] [id=4580]
  0x0000020b93135260 ConcurrentGCThread "G1 Refine#0" [stack: 0x0000001b36100000,0x0000001b36200000] [id=26816]
  0x0000020b9c6bfba0 ConcurrentGCThread "G1 Refine#1" [stack: 0x0000001b37e00000,0x0000001b37f00000] [id=2712]
  0x0000020b93135ba0 ConcurrentGCThread "G1 Service" [stack: 0x0000001b36200000,0x0000001b36300000] [id=9624]

Threads with active compile tasks:

VM state: at safepoint (normal execution)

VM Mutex/Monitor currently owned by a thread:  ([mutex/lock_event])
[0x0000020bf26e9600] Threads_lock - owner thread: 0x0000020b932e3070

Heap address: 0x0000000702600000, size: 4058 MB, Compressed Oops mode: Zero based, Oop shift amount: 3

CDS archive(s) not mapped
Compressed class space mapped at: 0x0000000800000000-0x0000000840000000, reserved size: 1073741824
Narrow klass base: 0x0000000800000000, Narrow klass shift: 0, Narrow klass range: 0x40000000

GC Precious Log:
 CPUs: 8 total, 8 available
 Memory: 16228M
 Large Page Support: Disabled
 NUMA Support: Disabled
 Compressed Oops: Enabled (Zero based)
 Heap Region Size: 2M
 Heap Min Capacity: 8M
 Heap Initial Capacity: 254M
 Heap Max Capacity: 4058M
 Pre-touch: Disabled
 Parallel Workers: 8
 Concurrent Workers: 2
 Concurrent Refinement Workers: 8
 Periodic GC: Disabled

Heap:
 garbage-first heap   total 172032K, used 106865K [0x0000000702600000, 0x0000000800000000)
  region size 2048K, 28 young (57344K), 3 survivors (6144K)
 Metaspace       used 128264K, committed 130048K, reserved 1179648K
  class space    used 14798K, committed 15744K, reserved 1048576K

Heap Regions: E=young(eden), S=young(survivor), O=old, HS=humongous(starts), HC=humongous(continues), CS=collection set, F=free, OA=open archive, CA=closed archive, TAMS=top-at-mark-start (previous, next)
|   0|0x0000000702600000, 0x0000000702800000, 0x0000000702800000|100%| O|  |TAMS 0x0000000702800000, 0x0000000702600000| Untracked 
|   1|0x0000000702800000, 0x0000000702a00000, 0x0000000702a00000|100%| O|  |TAMS 0x0000000702a00000, 0x0000000702800000| Untracked 
|   2|0x0000000702a00000, 0x0000000702c00000, 0x0000000702c00000|100%| O|  |TAMS 0x0000000702c00000, 0x0000000702a00000| Untracked 
|   3|0x0000000702c00000, 0x0000000702dfffe0, 0x0000000702e00000| 99%| O|  |TAMS 0x0000000702dfffe0, 0x0000000702c00000| Untracked 
|   4|0x0000000702e00000, 0x0000000702fffff8, 0x0000000703000000| 99%| O|  |TAMS 0x0000000702fffff8, 0x0000000702e00000| Untracked 
|   5|0x0000000703000000, 0x00000007031fffe8, 0x0000000703200000| 99%| O|  |TAMS 0x00000007031fffe8, 0x0000000703000000| Untracked 
|   6|0x0000000703200000, 0x0000000703400000, 0x0000000703400000|100%| O|  |TAMS 0x0000000703400000, 0x0000000703200000| Untracked 
|   7|0x0000000703400000, 0x0000000703600000, 0x0000000703600000|100%| O|  |TAMS 0x0000000703600000, 0x0000000703400000| Untracked 
|   8|0x0000000703600000, 0x00000007037fffc0, 0x0000000703800000| 99%| O|  |TAMS 0x00000007037fffc0, 0x0000000703600000| Untracked 
|   9|0x0000000703800000, 0x00000007039fffd0, 0x0000000703a00000| 99%| O|  |TAMS 0x00000007039fffd0, 0x0000000703800000| Untracked 
|  10|0x0000000703a00000, 0x0000000703bffff8, 0x0000000703c00000| 99%| O|  |TAMS 0x0000000703bffff8, 0x0000000703a00000| Untracked 
|  11|0x0000000703c00000, 0x0000000703e00000, 0x0000000703e00000|100%| O|  |TAMS 0x0000000703e00000, 0x0000000703c00000| Untracked 
|  12|0x0000000703e00000, 0x0000000703ffffd0, 0x0000000704000000| 99%| O|  |TAMS 0x0000000703ffffd0, 0x0000000703e00000| Untracked 
|  13|0x0000000704000000, 0x00000007041fffc0, 0x0000000704200000| 99%| O|  |TAMS 0x00000007041fffc0, 0x0000000704000000| Untracked 
|  14|0x0000000704200000, 0x00000007043fffe0, 0x0000000704400000| 99%| O|  |TAMS 0x00000007043fffe0, 0x0000000704200000| Untracked 
|  15|0x0000000704400000, 0x00000007045ffa80, 0x0000000704600000| 99%| O|  |TAMS 0x00000007045ffa80, 0x0000000704400000| Untracked 
|  16|0x0000000704600000, 0x00000007047fffe8, 0x0000000704800000| 99%| O|  |TAMS 0x00000007047fffe8, 0x0000000704600000| Untracked 
|  17|0x0000000704800000, 0x00000007049fffd0, 0x0000000704a00000| 99%| O|  |TAMS 0x00000007049fffd0, 0x0000000704800000| Untracked 
|  18|0x0000000704a00000, 0x0000000704bfffe0, 0x0000000704c00000| 99%| O|  |TAMS 0x0000000704a00000, 0x0000000704a00000| Untracked 
|  19|0x0000000704c00000, 0x0000000704dfffe8, 0x0000000704e00000| 99%| O|  |TAMS 0x0000000704c00000, 0x0000000704c00000| Untracked 
|  20|0x0000000704e00000, 0x0000000704fd8390, 0x0000000705000000| 92%| O|  |TAMS 0x0000000704e00000, 0x0000000704e00000| Untracked 
|  21|0x0000000705000000, 0x00000007051fffe0, 0x0000000705200000| 99%| O|  |TAMS 0x0000000705000000, 0x0000000705000000| Untracked 
|  22|0x0000000705200000, 0x00000007053fffd8, 0x0000000705400000| 99%| O|  |TAMS 0x0000000705200000, 0x0000000705200000| Untracked 
|  23|0x0000000705400000, 0x00000007054151a0, 0x0000000705600000|  4%| O|  |TAMS 0x0000000705400000, 0x0000000705400000| Untracked 
|  24|0x0000000705600000, 0x0000000705800000, 0x0000000705800000|100%| O|  |TAMS 0x0000000705600000, 0x0000000705600000| Untracked 
|  25|0x0000000705800000, 0x0000000705a00000, 0x0000000705a00000|100%| O|  |TAMS 0x0000000705800000, 0x0000000705800000| Untracked 
|  26|0x0000000705a00000, 0x0000000705a98400, 0x0000000705c00000| 29%| O|  |TAMS 0x0000000705a00000, 0x0000000705a00000| Untracked 
|  27|0x0000000705c00000, 0x0000000705c00000, 0x0000000705e00000|  0%| F|  |TAMS 0x0000000705c00000, 0x0000000705c00000| Untracked 
|  28|0x0000000705e00000, 0x0000000705e00000, 0x0000000706000000|  0%| F|  |TAMS 0x0000000705e00000, 0x0000000705e00000| Untracked 
|  29|0x0000000706000000, 0x0000000706000000, 0x0000000706200000|  0%| F|  |TAMS 0x0000000706000000, 0x0000000706000000| Untracked 
|  30|0x0000000706200000, 0x0000000706200000, 0x0000000706400000|  0%| F|  |TAMS 0x0000000706200000, 0x0000000706200000| Untracked 
|  31|0x0000000706400000, 0x0000000706400000, 0x0000000706600000|  0%| F|  |TAMS 0x0000000706400000, 0x0000000706400000| Untracked 
|  32|0x0000000706600000, 0x0000000706600000, 0x0000000706800000|  0%| F|  |TAMS 0x0000000706600000, 0x0000000706600000| Untracked 
|  33|0x0000000706800000, 0x0000000706800000, 0x0000000706a00000|  0%| F|  |TAMS 0x0000000706800000, 0x0000000706800000| Untracked 
|  34|0x0000000706a00000, 0x0000000706a00000, 0x0000000706c00000|  0%| F|  |TAMS 0x0000000706a00000, 0x0000000706a00000| Untracked 
|  35|0x0000000706c00000, 0x0000000706c00000, 0x0000000706e00000|  0%| F|  |TAMS 0x0000000706c00000, 0x0000000706c00000| Untracked 
|  36|0x0000000706e00000, 0x0000000706e00000, 0x0000000707000000|  0%| F|  |TAMS 0x0000000706e00000, 0x0000000706e00000| Untracked 
|  37|0x0000000707000000, 0x0000000707000000, 0x0000000707200000|  0%| F|  |TAMS 0x0000000707000000, 0x0000000707000000| Untracked 
|  38|0x0000000707200000, 0x0000000707200000, 0x0000000707400000|  0%| F|  |TAMS 0x0000000707200000, 0x0000000707200000| Untracked 
|  39|0x0000000707400000, 0x0000000707469f08, 0x0000000707600000| 20%| O|  |TAMS 0x0000000707400000, 0x0000000707400000| Untracked 
|  40|0x0000000707600000, 0x00000007076af500, 0x0000000707800000| 34%| O|  |TAMS 0x0000000707600000, 0x0000000707600000| Untracked 
|  41|0x0000000707800000, 0x0000000707800000, 0x0000000707a00000|  0%| F|  |TAMS 0x0000000707800000, 0x0000000707800000| Untracked 
|  42|0x0000000707a00000, 0x0000000707a00000, 0x0000000707c00000|  0%| F|  |TAMS 0x0000000707a00000, 0x0000000707a00000| Untracked 
|  43|0x0000000707c00000, 0x0000000707ca9320, 0x0000000707e00000| 33%| S|CS|TAMS 0x0000000707c00000, 0x0000000707c00000| Complete 
|  44|0x0000000707e00000, 0x0000000708000000, 0x0000000708000000|100%| S|CS|TAMS 0x0000000707e00000, 0x0000000707e00000| Complete 
|  45|0x0000000708000000, 0x0000000708200000, 0x0000000708200000|100%| S|CS|TAMS 0x0000000708000000, 0x0000000708000000| Complete 
|  46|0x0000000708200000, 0x0000000708200000, 0x0000000708400000|  0%| F|  |TAMS 0x0000000708200000, 0x0000000708200000| Untracked 
|  47|0x0000000708400000, 0x0000000708400000, 0x0000000708600000|  0%| F|  |TAMS 0x0000000708400000, 0x0000000708400000| Untracked 
|  48|0x0000000708600000, 0x0000000708600000, 0x0000000708800000|  0%| F|  |TAMS 0x0000000708600000, 0x0000000708600000| Untracked 
|  49|0x0000000708800000, 0x0000000708800000, 0x0000000708a00000|  0%| F|  |TAMS 0x0000000708800000, 0x0000000708800000| Untracked 
|  50|0x0000000708a00000, 0x0000000708a00000, 0x0000000708c00000|  0%| F|  |TAMS 0x0000000708a00000, 0x0000000708a00000| Untracked 
|  51|0x0000000708c00000, 0x0000000708c00900, 0x0000000708e00000|  0%| O|  |TAMS 0x0000000708c00000, 0x0000000708c00000| Untracked 
|  52|0x0000000708e00000, 0x0000000708e00000, 0x0000000709000000|  0%| F|  |TAMS 0x0000000708e00000, 0x0000000708e00000| Untracked 
|  53|0x0000000709000000, 0x0000000709000000, 0x0000000709200000|  0%| F|  |TAMS 0x0000000709000000, 0x0000000709000000| Untracked 
|  54|0x0000000709200000, 0x0000000709200000, 0x0000000709400000|  0%| F|  |TAMS 0x0000000709200000, 0x0000000709200000| Untracked 
|  55|0x0000000709400000, 0x0000000709400000, 0x0000000709600000|  0%| F|  |TAMS 0x0000000709400000, 0x0000000709400000| Untracked 
|  56|0x0000000709600000, 0x0000000709600000, 0x0000000709800000|  0%| F|  |TAMS 0x0000000709600000, 0x0000000709600000| Untracked 
|  57|0x0000000709800000, 0x0000000709800000, 0x0000000709a00000|  0%| F|  |TAMS 0x0000000709800000, 0x0000000709800000| Untracked 
|  58|0x0000000709a00000, 0x0000000709ac1eb0, 0x0000000709c00000| 37%| E|  |TAMS 0x0000000709a00000, 0x0000000709a00000| Complete 
|  59|0x0000000709c00000, 0x0000000709e00000, 0x0000000709e00000|100%| E|CS|TAMS 0x0000000709c00000, 0x0000000709c00000| Complete 
|  60|0x0000000709e00000, 0x000000070a000000, 0x000000070a000000|100%| E|CS|TAMS 0x0000000709e00000, 0x0000000709e00000| Complete 
|  61|0x000000070a000000, 0x000000070a200000, 0x000000070a200000|100%| E|CS|TAMS 0x000000070a000000, 0x000000070a000000| Complete 
|  62|0x000000070a200000, 0x000000070a400000, 0x000000070a400000|100%| E|CS|TAMS 0x000000070a200000, 0x000000070a200000| Complete 
|  63|0x000000070a400000, 0x000000070a600000, 0x000000070a600000|100%| E|CS|TAMS 0x000000070a400000, 0x000000070a400000| Complete 
|  64|0x000000070a600000, 0x000000070a800000, 0x000000070a800000|100%| E|CS|TAMS 0x000000070a600000, 0x000000070a600000| Complete 
|  65|0x000000070a800000, 0x000000070aa00000, 0x000000070aa00000|100%| E|CS|TAMS 0x000000070a800000, 0x000000070a800000| Complete 
|  66|0x000000070aa00000, 0x000000070ac00000, 0x000000070ac00000|100%| E|CS|TAMS 0x000000070aa00000, 0x000000070aa00000| Complete 
|  67|0x000000070ac00000, 0x000000070ae00000, 0x000000070ae00000|100%| E|CS|TAMS 0x000000070ac00000, 0x000000070ac00000| Complete 
|  68|0x000000070ae00000, 0x000000070b000000, 0x000000070b000000|100%| E|CS|TAMS 0x000000070ae00000, 0x000000070ae00000| Complete 
|  69|0x000000070b000000, 0x000000070b200000, 0x000000070b200000|100%| E|CS|TAMS 0x000000070b000000, 0x000000070b000000| Complete 
|  70|0x000000070b200000, 0x000000070b400000, 0x000000070b400000|100%| E|CS|TAMS 0x000000070b200000, 0x000000070b200000| Complete 
|  71|0x000000070b400000, 0x000000070b600000, 0x000000070b600000|100%| E|CS|TAMS 0x000000070b400000, 0x000000070b400000| Complete 
|  72|0x000000070b600000, 0x000000070b800000, 0x000000070b800000|100%| E|CS|TAMS 0x000000070b600000, 0x000000070b600000| Complete 
|  73|0x000000070b800000, 0x000000070ba00000, 0x000000070ba00000|100%| E|CS|TAMS 0x000000070b800000, 0x000000070b800000| Complete 
|  74|0x000000070ba00000, 0x000000070bc00000, 0x000000070bc00000|100%| E|CS|TAMS 0x000000070ba00000, 0x000000070ba00000| Complete 
|  75|0x000000070bc00000, 0x000000070be00000, 0x000000070be00000|100%| E|CS|TAMS 0x000000070bc00000, 0x000000070bc00000| Complete 
|  76|0x000000070be00000, 0x000000070c000000, 0x000000070c000000|100%| E|CS|TAMS 0x000000070be00000, 0x000000070be00000| Complete 
|  77|0x000000070c000000, 0x000000070c200000, 0x000000070c200000|100%| E|CS|TAMS 0x000000070c000000, 0x000000070c000000| Complete 
|  78|0x000000070c200000, 0x000000070c400000, 0x000000070c400000|100%| E|CS|TAMS 0x000000070c200000, 0x000000070c200000| Complete 
|  79|0x000000070c400000, 0x000000070c600000, 0x000000070c600000|100%| E|CS|TAMS 0x000000070c400000, 0x000000070c400000| Complete 
|  80|0x000000070c600000, 0x000000070c614580, 0x000000070c800000|  3%| O|  |TAMS 0x000000070c600000, 0x000000070c600000| Untracked 
|  81|0x000000070c800000, 0x000000070ca00000, 0x000000070ca00000|100%| E|CS|TAMS 0x000000070c800000, 0x000000070c800000| Complete 
|  82|0x000000070ca00000, 0x000000070cc00000, 0x000000070cc00000|100%| E|CS|TAMS 0x000000070ca00000, 0x000000070ca00000| Complete 
|  83|0x000000070cc00000, 0x000000070ce00000, 0x000000070ce00000|100%| E|CS|TAMS 0x000000070cc00000, 0x000000070cc00000| Complete 

Card table byte_map: [0x0000020bf87c0000,0x0000020bf8fb0000] _byte_map_base: 0x0000020bf4fad000

Marking Bits (Prev, Next): (CMBitMap*) 0x0000020bf275ae50, (CMBitMap*) 0x0000020bf275ae90
 Prev Bits: [0x0000020bf97a0000, 0x0000020bfd708000)
 Next Bits: [0x0000020b8f000000, 0x0000020b92f68000)

Polling page: 0x0000020bf2790000

Metaspace:

Usage:
  Non-class:    110.81 MB used.
      Class:     14.45 MB used.
       Both:    125.26 MB used.

Virtual space:
  Non-class space:      128.00 MB reserved,     111.62 MB ( 87%) committed,  2 nodes.
      Class space:        1.00 GB reserved,      15.38 MB (  2%) committed,  1 nodes.
             Both:        1.12 GB reserved,     127.00 MB ( 11%) committed. 

Chunk freelists:
   Non-Class:  336.00 KB
       Class:  469.00 KB
        Both:  805.00 KB

MaxMetaspaceSize: unlimited
CompressedClassSpaceSize: 1.00 GB
Initial GC threshold: 21.00 MB
Current GC threshold: 208.56 MB
CDS: off
MetaspaceReclaimPolicy: balanced
 - commit_granule_bytes: 65536.
 - commit_granule_words: 8192.
 - virtual_space_node_default_size: 8388608.
 - enlarge_chunks_in_place: 1.
 - new_chunks_are_fully_committed: 0.
 - uncommit_free_chunks: 1.
 - use_allocation_guard: 0.
 - handle_deallocations: 1.


Internal statistics:

num_allocs_failed_limit: 9.
num_arena_births: 2320.
num_arena_deaths: 92.
num_vsnodes_births: 3.
num_vsnodes_deaths: 0.
num_space_committed: 2032.
num_space_uncommitted: 0.
num_chunks_returned_to_freelist: 194.
num_chunks_taken_from_freelist: 7845.
num_chunk_merges: 54.
num_chunk_splits: 4962.
num_chunks_enlarged: 3109.
num_inconsistent_stats: 0.

CodeHeap 'non-profiled nmethods': size=120000Kb used=22160Kb max_used=22573Kb free=97839Kb
 bounds [0x0000020b87ad0000, 0x0000020b890e0000, 0x0000020b8f000000]
CodeHeap 'profiled nmethods': size=120000Kb used=37075Kb max_used=39530Kb free=82924Kb
 bounds [0x0000020b80000000, 0x0000020b826a0000, 0x0000020b87530000]
CodeHeap 'non-nmethods': size=5760Kb used=1463Kb max_used=1611Kb free=4296Kb
 bounds [0x0000020b87530000, 0x0000020b877a0000, 0x0000020b87ad0000]
 total_blobs=18954 nmethods=18222 adapters=641
 compilation: enabled
              stopped_count=0, restarted_count=0
 full_count=0

Compilation events (20 events):
Event: 1407.105 Thread 0x0000020b9333f020 23743       3       org.apache.tomcat.util.http.fileupload.MultipartStream::readByte (92 bytes)
Event: 1407.105 Thread 0x0000020b9333f020 nmethod 23743 0x0000020b800d9290 code [0x0000020b800d9480, 0x0000020b800d98a8]
Event: 1407.113 Thread 0x0000020b9333f020 23744       3       org.apache.catalina.connector.ResponseFacade::isCommitted (12 bytes)
Event: 1407.113 Thread 0x0000020b9333f020 nmethod 23744 0x0000020b8020c710 code [0x0000020b8020c8e0, 0x0000020b8020cc08]
Event: 1407.113 Thread 0x0000020b9333f020 23745       3       org.apache.catalina.connector.Response::isAppCommitted (47 bytes)
Event: 1407.113 Thread 0x0000020b9333f020 nmethod 23745 0x0000020b803cc810 code [0x0000020b803cca20, 0x0000020b803cd078]
Event: 1407.113 Thread 0x0000020b9333f020 23746   !   3       org.springframework.web.filter.OncePerRequestFilter::doFilter (178 bytes)
Event: 1407.115 Thread 0x0000020b9333f020 nmethod 23746 0x0000020b8023bb10 code [0x0000020b8023bf80, 0x0000020b8023e448]
Event: 1407.115 Thread 0x0000020b9333f020 23748       3       org.apache.catalina.core.ApplicationHttpRequest::setSpecial (43 bytes)
Event: 1407.115 Thread 0x0000020b9333f020 nmethod 23748 0x0000020b8026b610 code [0x0000020b8026b820, 0x0000020b8026bf88]
Event: 1407.115 Thread 0x0000020b9333f020 23747       3       org.springframework.web.filter.OncePerRequestFilter::getAlreadyFilteredAttributeName (24 bytes)
Event: 1407.116 Thread 0x0000020b9333f020 nmethod 23747 0x0000020b81142e90 code [0x0000020b811431a0, 0x0000020b81144428]
Event: 1407.116 Thread 0x0000020b9333f020 23749       1       java.util.TreeMap$Entry::getKey (5 bytes)
Event: 1407.116 Thread 0x0000020b9333f020 nmethod 23749 0x0000020b88ab5910 code [0x0000020b88ab5aa0, 0x0000020b88ab5b78]
Event: 1407.116 Thread 0x0000020b9333f020 23750       1       org.apache.tomcat.util.net.SocketBufferHandler::getReadBuffer (5 bytes)
Event: 1407.116 Thread 0x0000020b9333f020 nmethod 23750 0x0000020b88ab5610 code [0x0000020b88ab57a0, 0x0000020b88ab5878]
Event: 1409.283 Thread 0x0000020b9333e160 23751       4       java.util.concurrent.ScheduledThreadPoolExecutor$ScheduledFutureTask::getDelay (16 bytes)
Event: 1409.284 Thread 0x0000020b9333e160 nmethod 23751 0x0000020b88fb9c90 code [0x0000020b88fb9e20, 0x0000020b88fb9fd8]
Event: 1422.722 Thread 0x0000020b9333e160 23752   !   4       java.util.AbstractSet::equals (45 bytes)
Event: 1422.724 Thread 0x0000020b9333e160 nmethod 23752 0x0000020b89010a90 code [0x0000020b89010c20, 0x0000020b89010e18]

GC Heap History (20 events):
Event: 815.321 GC heap before
{Heap before GC invocations=140 (full 43):
 garbage-first heap   total 163840K, used 123893K [0x0000000702600000, 0x0000000800000000)
  region size 2048K, 39 young (79872K), 0 survivors (0K)
 Metaspace       used 122678K, committed 124480K, reserved 1179648K
  class space    used 14248K, committed 15168K, reserved 1048576K
}
Event: 815.325 GC heap after
{Heap after GC invocations=141 (full 43):
 garbage-first heap   total 163840K, used 52500K [0x0000000702600000, 0x0000000800000000)
  region size 2048K, 4 young (8192K), 4 survivors (8192K)
 Metaspace       used 122678K, committed 124480K, reserved 1179648K
  class space    used 14248K, committed 15168K, reserved 1048576K
}
Event: 816.855 GC heap before
{Heap before GC invocations=141 (full 43):
 garbage-first heap   total 163840K, used 75028K [0x0000000702600000, 0x0000000800000000)
  region size 2048K, 16 young (32768K), 4 survivors (8192K)
 Metaspace       used 122744K, committed 124544K, reserved 1179648K
  class space    used 14253K, committed 15168K, reserved 1048576K
}
Event: 816.915 GC heap after
{Heap after GC invocations=142 (full 44):
 garbage-first heap   total 163840K, used 46459K [0x0000000702600000, 0x0000000800000000)
  region size 2048K, 0 young (0K), 0 survivors (0K)
 Metaspace       used 122726K, committed 124544K, reserved 1179648K
  class space    used 14252K, committed 15168K, reserved 1048576K
}
Event: 817.440 GC heap before
{Heap before GC invocations=142 (full 44):
 garbage-first heap   total 163840K, used 124283K [0x0000000702600000, 0x0000000800000000)
  region size 2048K, 38 young (77824K), 0 survivors (0K)
 Metaspace       used 123257K, committed 125120K, reserved 1179648K
  class space    used 14303K, committed 15232K, reserved 1048576K
}
Event: 817.445 GC heap after
{Heap after GC invocations=143 (full 44):
 garbage-first heap   total 196608K, used 52751K [0x0000000702600000, 0x0000000800000000)
  region size 2048K, 4 young (8192K), 4 survivors (8192K)
 Metaspace       used 123257K, committed 125120K, reserved 1179648K
  class space    used 14303K, committed 15232K, reserved 1048576K
}
Event: 850.532 GC heap before
{Heap before GC invocations=143 (full 44):
 garbage-first heap   total 196608K, used 79375K [0x0000000702600000, 0x0000000800000000)
  region size 2048K, 18 young (36864K), 4 survivors (8192K)
 Metaspace       used 123327K, committed 125184K, reserved 1179648K
  class space    used 14308K, committed 15232K, reserved 1048576K
}
Event: 850.592 GC heap after
{Heap after GC invocations=144 (full 45):
 garbage-first heap   total 172032K, used 46836K [0x0000000702600000, 0x0000000800000000)
  region size 2048K, 0 young (0K), 0 survivors (0K)
 Metaspace       used 123308K, committed 125184K, reserved 1179648K
  class space    used 14307K, committed 15232K, reserved 1048576K
}
Event: 851.150 GC heap before
{Heap before GC invocations=144 (full 45):
 garbage-first heap   total 172032K, used 128756K [0x0000000702600000, 0x0000000800000000)
  region size 2048K, 41 young (83968K), 0 survivors (0K)
 Metaspace       used 123832K, committed 125696K, reserved 1179648K
  class space    used 14357K, committed 15296K, reserved 1048576K
}
Event: 851.154 GC heap after
{Heap after GC invocations=145 (full 45):
 garbage-first heap   total 172032K, used 53702K [0x0000000702600000, 0x0000000800000000)
  region size 2048K, 4 young (8192K), 4 survivors (8192K)
 Metaspace       used 123832K, committed 125696K, reserved 1179648K
  class space    used 14357K, committed 15296K, reserved 1048576K
}
Event: 863.876 GC heap before
{Heap before GC invocations=145 (full 45):
 garbage-first heap   total 172032K, used 72134K [0x0000000702600000, 0x0000000800000000)
  region size 2048K, 14 young (28672K), 4 survivors (8192K)
 Metaspace       used 123904K, committed 125760K, reserved 1179648K
  class space    used 14362K, committed 15296K, reserved 1048576K
}
Event: 863.934 GC heap after
{Heap after GC invocations=146 (full 46):
 garbage-first heap   total 172032K, used 47206K [0x0000000702600000, 0x0000000800000000)
  region size 2048K, 0 young (0K), 0 survivors (0K)
 Metaspace       used 123885K, committed 125760K, reserved 1179648K
  class space    used 14361K, committed 15296K, reserved 1048576K
}
Event: 864.463 GC heap before
{Heap before GC invocations=146 (full 46):
 garbage-first heap   total 172032K, used 127078K [0x0000000702600000, 0x0000000800000000)
  region size 2048K, 40 young (81920K), 0 survivors (0K)
 Metaspace       used 124426K, committed 126272K, reserved 1179648K
  class space    used 14412K, committed 15360K, reserved 1048576K
}
Event: 864.466 GC heap after
{Heap after GC invocations=147 (full 46):
 garbage-first heap   total 172032K, used 54116K [0x0000000702600000, 0x0000000800000000)
  region size 2048K, 4 young (8192K), 4 survivors (8192K)
 Metaspace       used 124426K, committed 126272K, reserved 1179648K
  class space    used 14412K, committed 15360K, reserved 1048576K
}
Event: 1261.045 GC heap before
{Heap before GC invocations=147 (full 46):
 garbage-first heap   total 172032K, used 125796K [0x0000000702600000, 0x0000000800000000)
  region size 2048K, 40 young (81920K), 4 survivors (8192K)
 Metaspace       used 126299K, committed 128128K, reserved 1179648K
  class space    used 14643K, committed 15552K, reserved 1048576K
}
Event: 1261.107 GC heap after
{Heap after GC invocations=148 (full 47):
 garbage-first heap   total 172032K, used 48236K [0x0000000702600000, 0x0000000800000000)
  region size 2048K, 0 young (0K), 0 survivors (0K)
 Metaspace       used 126280K, committed 128128K, reserved 1179648K
  class space    used 14642K, committed 15552K, reserved 1048576K
}
Event: 1261.742 GC heap before
{Heap before GC invocations=148 (full 47):
 garbage-first heap   total 172032K, used 128108K [0x0000000702600000, 0x0000000800000000)
  region size 2048K, 39 young (79872K), 0 survivors (0K)
 Metaspace       used 126969K, committed 128832K, reserved 1179648K
  class space    used 14693K, committed 15616K, reserved 1048576K
}
Event: 1261.745 GC heap after
{Heap after GC invocations=149 (full 47):
 garbage-first heap   total 172032K, used 54532K [0x0000000702600000, 0x0000000800000000)
  region size 2048K, 4 young (8192K), 4 survivors (8192K)
 Metaspace       used 126969K, committed 128832K, reserved 1179648K
  class space    used 14693K, committed 15616K, reserved 1048576K
}
Event: 1398.983 GC heap before
{Heap before GC invocations=149 (full 47):
 garbage-first heap   total 172032K, used 126212K [0x0000000702600000, 0x0000000800000000)
  region size 2048K, 40 young (81920K), 4 survivors (8192K)
 Metaspace       used 127652K, committed 129536K, reserved 1179648K
  class space    used 14761K, committed 15744K, reserved 1048576K
}
Event: 1398.987 GC heap after
{Heap after GC invocations=150 (full 47):
 garbage-first heap   total 172032K, used 57713K [0x0000000702600000, 0x0000000800000000)
  region size 2048K, 3 young (6144K), 3 survivors (6144K)
 Metaspace       used 127652K, committed 129536K, reserved 1179648K
  class space    used 14761K, committed 15744K, reserved 1048576K
}

Dll operation events (11 events):
Event: 0.005 Loaded shared library D:\eclipse-java-2023-09-R-win32-x86_64\eclipse\plugins\org.eclipse.justj.openjdk.hotspot.jre.full.win32.x86_64_17.0.8.v20230831-1047\jre\bin\java.dll
Event: 0.206 Loaded shared library D:\eclipse-java-2023-09-R-win32-x86_64\eclipse\plugins\org.eclipse.justj.openjdk.hotspot.jre.full.win32.x86_64_17.0.8.v20230831-1047\jre\bin\zip.dll
Event: 0.207 Loaded shared library D:\eclipse-java-2023-09-R-win32-x86_64\eclipse\plugins\org.eclipse.justj.openjdk.hotspot.jre.full.win32.x86_64_17.0.8.v20230831-1047\jre\bin\instrument.dll
Event: 0.221 Loaded shared library D:\eclipse-java-2023-09-R-win32-x86_64\eclipse\plugins\org.eclipse.justj.openjdk.hotspot.jre.full.win32.x86_64_17.0.8.v20230831-1047\jre\bin\net.dll
Event: 0.222 Loaded shared library D:\eclipse-java-2023-09-R-win32-x86_64\eclipse\plugins\org.eclipse.justj.openjdk.hotspot.jre.full.win32.x86_64_17.0.8.v20230831-1047\jre\bin\nio.dll
Event: 0.227 Loaded shared library D:\eclipse-java-2023-09-R-win32-x86_64\eclipse\plugins\org.eclipse.justj.openjdk.hotspot.jre.full.win32.x86_64_17.0.8.v20230831-1047\jre\bin\zip.dll
Event: 0.336 Loaded shared library D:\eclipse-java-2023-09-R-win32-x86_64\eclipse\plugins\org.eclipse.justj.openjdk.hotspot.jre.full.win32.x86_64_17.0.8.v20230831-1047\jre\bin\jimage.dll
Event: 0.375 Loaded shared library D:\eclipse-java-2023-09-R-win32-x86_64\eclipse\plugins\org.eclipse.justj.openjdk.hotspot.jre.full.win32.x86_64_17.0.8.v20230831-1047\jre\bin\verify.dll
Event: 0.676 Loaded shared library D:\eclipse-java-2023-09-R-win32-x86_64\eclipse\plugins\org.eclipse.justj.openjdk.hotspot.jre.full.win32.x86_64_17.0.8.v20230831-1047\jre\bin\management.dll
Event: 0.678 Loaded shared library D:\eclipse-java-2023-09-R-win32-x86_64\eclipse\plugins\org.eclipse.justj.openjdk.hotspot.jre.full.win32.x86_64_17.0.8.v20230831-1047\jre\bin\management_ext.dll
Event: 1.727 Loaded shared library D:\eclipse-java-2023-09-R-win32-x86_64\eclipse\plugins\org.eclipse.justj.openjdk.hotspot.jre.full.win32.x86_64_17.0.8.v20230831-1047\jre\bin\sunmscapi.dll

Deoptimization events (20 events):
Event: 1407.085 Thread 0x0000020ba7a9b390 Uncommon trap: trap_request=0xffffff97 fr.pc=0x0000020b8848bc0c relative=0x00000000000027ac
Event: 1407.085 Thread 0x0000020ba7a9b390 Uncommon trap: reason=unhandled action=none pc=0x0000020b8848bc0c method=java.net.URLClassLoader.findClass(Ljava/lang/String;)Ljava/lang/Class; @ 44 c2
Event: 1407.085 Thread 0x0000020ba7a9b390 DEOPT PACKING pc=0x0000020b8848bc0c sp=0x0000001b38cfb250
Event: 1407.085 Thread 0x0000020ba7a9b390 DEOPT UNPACKING pc=0x0000020b875869a3 sp=0x0000001b38cfb180 mode 2
Event: 1407.102 Thread 0x0000020ba7a9b390 Uncommon trap: trap_request=0xffffff97 fr.pc=0x0000020b8848bc0c relative=0x00000000000027ac
Event: 1407.102 Thread 0x0000020ba7a9b390 Uncommon trap: reason=unhandled action=none pc=0x0000020b8848bc0c method=java.net.URLClassLoader.findClass(Ljava/lang/String;)Ljava/lang/Class; @ 44 c2
Event: 1407.102 Thread 0x0000020ba7a9b390 DEOPT PACKING pc=0x0000020b8848bc0c sp=0x0000001b38cfc5a0
Event: 1407.102 Thread 0x0000020ba7a9b390 DEOPT UNPACKING pc=0x0000020b875869a3 sp=0x0000001b38cfc4d0 mode 2
Event: 1407.102 Thread 0x0000020ba7a9b390 Uncommon trap: trap_request=0xffffff97 fr.pc=0x0000020b8848bc0c relative=0x00000000000027ac
Event: 1407.102 Thread 0x0000020ba7a9b390 Uncommon trap: reason=unhandled action=none pc=0x0000020b8848bc0c method=java.net.URLClassLoader.findClass(Ljava/lang/String;)Ljava/lang/Class; @ 44 c2
Event: 1407.102 Thread 0x0000020ba7a9b390 DEOPT PACKING pc=0x0000020b8848bc0c sp=0x0000001b38cfc590
Event: 1407.102 Thread 0x0000020ba7a9b390 DEOPT UNPACKING pc=0x0000020b875869a3 sp=0x0000001b38cfc4c0 mode 2
Event: 1407.103 Thread 0x0000020ba7a9b390 Uncommon trap: trap_request=0xffffff97 fr.pc=0x0000020b8848bc0c relative=0x00000000000027ac
Event: 1407.103 Thread 0x0000020ba7a9b390 Uncommon trap: reason=unhandled action=none pc=0x0000020b8848bc0c method=java.net.URLClassLoader.findClass(Ljava/lang/String;)Ljava/lang/Class; @ 44 c2
Event: 1407.103 Thread 0x0000020ba7a9b390 DEOPT PACKING pc=0x0000020b8848bc0c sp=0x0000001b38cfca00
Event: 1407.103 Thread 0x0000020ba7a9b390 DEOPT UNPACKING pc=0x0000020b875869a3 sp=0x0000001b38cfc930 mode 2
Event: 1407.103 Thread 0x0000020ba7a9b390 Uncommon trap: trap_request=0xffffff97 fr.pc=0x0000020b8848bc0c relative=0x00000000000027ac
Event: 1407.103 Thread 0x0000020ba7a9b390 Uncommon trap: reason=unhandled action=none pc=0x0000020b8848bc0c method=java.net.URLClassLoader.findClass(Ljava/lang/String;)Ljava/lang/Class; @ 44 c2
Event: 1407.103 Thread 0x0000020ba7a9b390 DEOPT PACKING pc=0x0000020b8848bc0c sp=0x0000001b38cfca00
Event: 1407.103 Thread 0x0000020ba7a9b390 DEOPT UNPACKING pc=0x0000020b875869a3 sp=0x0000001b38cfc930 mode 2

Classes unloaded (20 events):
Event: 792.520 Thread 0x0000020b932e3070 Unloading class 0x0000000800e88348 'org/apache/catalina/loader/JdbcLeakPrevention'
Event: 792.520 Thread 0x0000020b932e3070 Unloading class 0x0000000800e88000 'jdk/proxy77/$Proxy468'
Event: 796.788 Thread 0x0000020b932e3070 Unloading class 0x0000000800e98348 'org/apache/catalina/loader/JdbcLeakPrevention'
Event: 796.788 Thread 0x0000020b932e3070 Unloading class 0x0000000800e98000 'jdk/proxy79/$Proxy477'
Event: 801.979 Thread 0x0000020b932e3070 Unloading class 0x0000000800eac348 'org/apache/catalina/loader/JdbcLeakPrevention'
Event: 801.979 Thread 0x0000020b932e3070 Unloading class 0x0000000800eac000 'jdk/proxy81/$Proxy486'
Event: 808.198 Thread 0x0000020b932e3070 Unloading class 0x0000000800ebc348 'org/apache/catalina/loader/JdbcLeakPrevention'
Event: 808.198 Thread 0x0000020b932e3070 Unloading class 0x0000000800ebc000 'jdk/proxy83/$Proxy495'
Event: 811.414 Thread 0x0000020b932e3070 Unloading class 0x0000000800ec8348 'org/apache/catalina/loader/JdbcLeakPrevention'
Event: 811.414 Thread 0x0000020b932e3070 Unloading class 0x0000000800ec8000 'jdk/proxy85/$Proxy504'
Event: 814.647 Thread 0x0000020b932e3070 Unloading class 0x0000000800ed8348 'org/apache/catalina/loader/JdbcLeakPrevention'
Event: 814.647 Thread 0x0000020b932e3070 Unloading class 0x0000000800ed8000 'jdk/proxy87/$Proxy513'
Event: 816.871 Thread 0x0000020b932e3070 Unloading class 0x0000000800ee8348 'org/apache/catalina/loader/JdbcLeakPrevention'
Event: 816.871 Thread 0x0000020b932e3070 Unloading class 0x0000000800ee8000 'jdk/proxy89/$Proxy522'
Event: 850.547 Thread 0x0000020b932e3070 Unloading class 0x0000000800ef8348 'org/apache/catalina/loader/JdbcLeakPrevention'
Event: 850.547 Thread 0x0000020b932e3070 Unloading class 0x0000000800ef8000 'jdk/proxy91/$Proxy531'
Event: 863.891 Thread 0x0000020b932e3070 Unloading class 0x0000000800f08348 'org/apache/catalina/loader/JdbcLeakPrevention'
Event: 863.891 Thread 0x0000020b932e3070 Unloading class 0x0000000800f08000 'jdk/proxy93/$Proxy540'
Event: 1261.060 Thread 0x0000020b932e3070 Unloading class 0x0000000800f18348 'org/apache/catalina/loader/JdbcLeakPrevention'
Event: 1261.060 Thread 0x0000020b932e3070 Unloading class 0x0000000800f18000 'jdk/proxy95/$Proxy549'

Classes redefined (20 events):
Event: 1391.471 Thread 0x0000020b932e3070 redefined class name=com.funix.foodsaverAPI.controllers.UserController, count=7
Event: 1391.471 Thread 0x0000020b932e3070 redefined class name=com.funix.foodsaverAPI.controllers.UserController, count=7
Event: 1391.471 Thread 0x0000020b932e3070 redefined class name=com.funix.foodsaverAPI.controllers.UserController, count=9
Event: 1391.471 Thread 0x0000020b932e3070 redefined class name=com.funix.foodsaverAPI.controllers.UserController, count=22
Event: 1391.471 Thread 0x0000020b932e3070 redefined class name=com.funix.foodsaverAPI.controllers.UserController, count=16
Event: 1391.471 Thread 0x0000020b932e3070 redefined class name=com.funix.foodsaverAPI.controllers.UserController, count=18
Event: 1391.471 Thread 0x0000020b932e3070 redefined class name=com.funix.foodsaverAPI.controllers.UserController, count=21
Event: 1391.471 Thread 0x0000020b932e3070 redefined class name=com.funix.foodsaverAPI.controllers.UserController, count=9
Event: 1391.471 Thread 0x0000020b932e3070 redefined class name=com.funix.foodsaverAPI.controllers.UserController, count=11
Event: 1391.471 Thread 0x0000020b932e3070 redefined class name=com.funix.foodsaverAPI.controllers.UserController, count=13
Event: 1391.471 Thread 0x0000020b932e3070 redefined class name=com.funix.foodsaverAPI.controllers.UserController, count=13
Event: 1391.471 Thread 0x0000020b932e3070 redefined class name=com.funix.foodsaverAPI.controllers.UserController, count=16
Event: 1452.317 Thread 0x0000020b932e3070 redefined class name=com.funix.foodsaverAPI.controllers.UserController, count=8
Event: 1452.317 Thread 0x0000020b932e3070 redefined class name=com.funix.foodsaverAPI.controllers.UserController, count=8
Event: 1452.317 Thread 0x0000020b932e3070 redefined class name=com.funix.foodsaverAPI.controllers.UserController, count=8
Event: 1452.317 Thread 0x0000020b932e3070 redefined class name=com.funix.foodsaverAPI.controllers.UserController, count=8
Event: 1452.317 Thread 0x0000020b932e3070 redefined class name=com.funix.foodsaverAPI.controllers.UserController, count=8
Event: 1452.317 Thread 0x0000020b932e3070 redefined class name=com.funix.foodsaverAPI.controllers.UserController, count=8
Event: 1452.317 Thread 0x0000020b932e3070 redefined class name=com.funix.foodsaverAPI.controllers.UserController, count=10
Event: 1452.317 Thread 0x0000020b932e3070 redefined class name=com.funix.foodsaverAPI.controllers.UserController, count=20

Internal exceptions (20 events):
Event: 1397.215 Thread 0x0000020ba7a9b390 Exception <a 'java/lang/InterruptedException'{0x000000070c301358}: sleep interrupted> (0x000000070c301358) 
thrown [s\src\hotspot\share\prims\jvm.cpp, line 3070]
Event: 1397.228 Thread 0x0000020ba7a9ae80 Exception <a 'java/lang/NoClassDefFoundError'{0x000000070c091f58}: liquibase/exception/ChangeLogParseException> (0x000000070c091f58) 
thrown [s\src\hotspot\share\classfile\systemDictionary.cpp, line 245]
Event: 1397.236 Thread 0x0000020ba7a9ae80 Exception <a 'java/lang/reflect/InvocationTargetException'{0x000000070c1bc590}> (0x000000070c1bc590) 
thrown [s\src\hotspot\share\runtime\reflection.cpp, line 1121]
Event: 1398.659 Thread 0x0000020ba7aa09a0 Exception <a 'sun/nio/fs/WindowsException'{0x000000070beb4d90}> (0x000000070beb4d90) 
thrown [s\src\hotspot\share\prims\jni.cpp, line 516]
Event: 1398.672 Thread 0x0000020ba7aa09a0 Exception <a 'sun/nio/fs/WindowsException'{0x000000070bd119a0}> (0x000000070bd119a0) 
thrown [s\src\hotspot\share\prims\jni.cpp, line 516]
Event: 1398.783 Thread 0x0000020ba7aa09a0 Exception <a 'sun/nio/fs/WindowsException'{0x000000070a9ebef0}> (0x000000070a9ebef0) 
thrown [s\src\hotspot\share\prims\jni.cpp, line 516]
Event: 1398.792 Thread 0x0000020ba7aa09a0 Exception <a 'sun/nio/fs/WindowsException'{0x000000070a71be90}> (0x000000070a71be90) 
thrown [s\src\hotspot\share\prims\jni.cpp, line 516]
Event: 1398.823 Thread 0x0000020ba7aa09a0 Exception <a 'java/lang/NoClassDefFoundError'{0x000000070a045e70}: org/flywaydb/core/Flyway> (0x000000070a045e70) 
thrown [s\src\hotspot\share\oops\constantPool.cpp, line 835]
Event: 1398.824 Thread 0x0000020ba7aa09a0 Exception <a 'java/lang/NoClassDefFoundError'{0x000000070a0464c0}: liquibase/integration/spring/SpringLiquibase> (0x000000070a0464c0) 
thrown [s\src\hotspot\share\oops\constantPool.cpp, line 835]
Event: 1398.828 Thread 0x0000020ba7aa09a0 Exception <a 'java/lang/NoClassDefFoundError'{0x000000070a0b9020}: org/jooq/DSLContext> (0x000000070a0b9020) 
thrown [s\src\hotspot\share\oops\constantPool.cpp, line 835]
Event: 1398.829 Thread 0x0000020ba7aa09a0 Exception <a 'java/lang/NoClassDefFoundError'{0x000000070a0c7a68}: org/springframework/batch/core/repository/JobRepository> (0x000000070a0c7a68) 
thrown [s\src\hotspot\share\oops\constantPool.cpp, line 835]
Event: 1398.829 Thread 0x0000020ba7aa09a0 Exception <a 'java/lang/NoClassDefFoundError'{0x000000070a0c80b0}: org/quartz/Scheduler> (0x000000070a0c80b0) 
thrown [s\src\hotspot\share\oops\constantPool.cpp, line 835]
Event: 1398.830 Thread 0x0000020ba7aa09a0 Exception <a 'java/lang/NoClassDefFoundError'{0x000000070a0c8720}: org/springframework/session/jdbc/JdbcIndexedSessionRepository> (0x000000070a0c8720) 
thrown [s\src\hotspot\share\oops\constantPool.cpp, line 835]
Event: 1398.854 Thread 0x0000020ba7aa09a0 Exception <a 'sun/nio/fs/WindowsException'{0x0000000709bb2358}> (0x0000000709bb2358) 
thrown [s\src\hotspot\share\prims\jni.cpp, line 516]
Event: 1398.854 Thread 0x0000020ba7aa09a0 Exception <a 'sun/nio/fs/WindowsException'{0x0000000709bb29c0}> (0x0000000709bb29c0) 
thrown [s\src\hotspot\share\prims\jni.cpp, line 516]
Event: 1398.854 Thread 0x0000020ba7aa09a0 Exception <a 'sun/nio/fs/WindowsException'{0x0000000709bb3098}> (0x0000000709bb3098) 
thrown [s\src\hotspot\share\prims\jni.cpp, line 516]
Event: 1398.862 Thread 0x0000020ba7aa09a0 Exception <a 'java/io/FileNotFoundException'{0x0000000709bee5f8}> (0x0000000709bee5f8) 
thrown [s\src\hotspot\share\prims\jni.cpp, line 516]
Event: 1398.888 Thread 0x0000020ba7aa09a0 Exception <a 'sun/nio/fs/WindowsException'{0x000000070923eda8}> (0x000000070923eda8) 
thrown [s\src\hotspot\share\prims\jni.cpp, line 516]
Event: 1399.271 Thread 0x0000020ba7aa09a0 Exception <a 'java/io/FileNotFoundException'{0x000000070bed8d00}> (0x000000070bed8d00) 
thrown [s\src\hotspot\share\prims\jni.cpp, line 516]
Event: 1399.314 Thread 0x0000020ba7aa09a0 Exception <a 'sun/nio/fs/WindowsException'{0x000000070b429138}> (0x000000070b429138) 
thrown [s\src\hotspot\share\prims\jni.cpp, line 516]

VM Operations (20 events):
Event: 1397.208 Executing VM operation: GetObjectMonitorUsage done
Event: 1398.214 Executing VM operation: Cleanup
Event: 1398.214 Executing VM operation: Cleanup done
Event: 1398.982 Executing VM operation: G1CollectForAllocation
Event: 1398.987 Executing VM operation: G1CollectForAllocation done
Event: 1399.101 Executing VM operation: HandshakeAllThreads
Event: 1399.101 Executing VM operation: HandshakeAllThreads done
Event: 1399.398 Executing VM operation: HandshakeAllThreads
Event: 1399.398 Executing VM operation: HandshakeAllThreads done
Event: 1400.410 Executing VM operation: Cleanup
Event: 1400.410 Executing VM operation: Cleanup done
Event: 1406.424 Executing VM operation: HandshakeAllThreads
Event: 1406.424 Executing VM operation: HandshakeAllThreads done
Event: 1407.431 Executing VM operation: Cleanup
Event: 1407.431 Executing VM operation: Cleanup done
Event: 1423.509 Executing VM operation: Cleanup
Event: 1423.509 Executing VM operation: Cleanup done
Event: 1443.970 Executing VM operation: HandshakeAllThreads
Event: 1443.970 Executing VM operation: HandshakeAllThreads done
Event: 1452.290 Executing VM operation: RedefineClasses

Events (20 events):
Event: 1406.439 Thread 0x0000020b93342950 flushing nmethod 0x0000020b81a9a790
Event: 1406.439 Thread 0x0000020b93342950 flushing nmethod 0x0000020b81aa9310
Event: 1406.439 Thread 0x0000020b93342950 flushing nmethod 0x0000020b81ab5390
Event: 1406.439 Thread 0x0000020b93342950 flushing nmethod 0x0000020b81abba10
Event: 1406.439 Thread 0x0000020b93342950 flushing nmethod 0x0000020b81ade810
Event: 1406.439 Thread 0x0000020b93342950 flushing nmethod 0x0000020b81aea290
Event: 1406.439 Thread 0x0000020b93342950 flushing nmethod 0x0000020b81aef410
Event: 1406.439 Thread 0x0000020b93342950 flushing nmethod 0x0000020b81af2610
Event: 1406.439 Thread 0x0000020b93342950 flushing nmethod 0x0000020b81af4f90
Event: 1406.440 Thread 0x0000020b93342950 flushing nmethod 0x0000020b81b2fa10
Event: 1406.440 Thread 0x0000020b93342950 flushing nmethod 0x0000020b81b99490
Event: 1406.440 Thread 0x0000020b93342950 flushing nmethod 0x0000020b81c82910
Event: 1406.440 Thread 0x0000020b93342950 flushing nmethod 0x0000020b81c85a10
Event: 1406.440 Thread 0x0000020b93342950 flushing nmethod 0x0000020b81c9b510
Event: 1406.440 Thread 0x0000020b93342950 flushing nmethod 0x0000020b81d73690
Event: 1406.440 Thread 0x0000020b93342950 flushing nmethod 0x0000020b81d74590
Event: 1406.441 Thread 0x0000020b93342950 flushing nmethod 0x0000020b82056410
Event: 1406.441 Thread 0x0000020b93342950 flushing nmethod 0x0000020b8206f390
Event: 1406.442 Thread 0x0000020b93342950 flushing nmethod 0x0000020b82322910
Event: 1406.443 Thread 0x0000020b93342950 flushing nmethod 0x0000020b825dac10


Dynamic libraries:
0x00007ff74e4a0000 - 0x00007ff74e4ae000 	D:\eclipse-java-2023-09-R-win32-x86_64\eclipse\plugins\org.eclipse.justj.openjdk.hotspot.jre.full.win32.x86_64_17.0.8.v20230831-1047\jre\bin\javaw.exe
0x00007ffa4e2f0000 - 0x00007ffa4e507000 	C:\WINDOWS\SYSTEM32\ntdll.dll
0x00007ffa4d1a0000 - 0x00007ffa4d264000 	C:\WINDOWS\System32\KERNEL32.DLL
0x00007ffa4ba10000 - 0x00007ffa4bdbc000 	C:\WINDOWS\System32\KERNELBASE.dll
0x00007ffa4b8f0000 - 0x00007ffa4ba01000 	C:\WINDOWS\System32\ucrtbase.dll
0x00007ffa46f60000 - 0x00007ffa46f77000 	D:\eclipse-java-2023-09-R-win32-x86_64\eclipse\plugins\org.eclipse.justj.openjdk.hotspot.jre.full.win32.x86_64_17.0.8.v20230831-1047\jre\bin\jli.dll
0x00007ffa35360000 - 0x00007ffa35379000 	D:\eclipse-java-2023-09-R-win32-x86_64\eclipse\plugins\org.eclipse.justj.openjdk.hotspot.jre.full.win32.x86_64_17.0.8.v20230831-1047\jre\bin\VCRUNTIME140.dll
0x00007ffa4e020000 - 0x00007ffa4e1ce000 	C:\WINDOWS\System32\USER32.dll
0x00007ffa20000000 - 0x00007ffa20293000 	C:\WINDOWS\WinSxS\amd64_microsoft.windows.common-controls_6595b64144ccf1df_6.0.22621.3672_none_2713b9d173822955\COMCTL32.dll
0x00007ffa4b690000 - 0x00007ffa4b6b6000 	C:\WINDOWS\System32\win32u.dll
0x00007ffa4e1d0000 - 0x00007ffa4e1f9000 	C:\WINDOWS\System32\GDI32.dll
0x00007ffa4df20000 - 0x00007ffa4dfc7000 	C:\WINDOWS\System32\msvcrt.dll
0x00007ffa4bf10000 - 0x00007ffa4c029000 	C:\WINDOWS\System32\gdi32full.dll
0x00007ffa4bdf0000 - 0x00007ffa4be8a000 	C:\WINDOWS\System32\msvcp_win.dll
0x00007ffa4d050000 - 0x00007ffa4d081000 	C:\WINDOWS\System32\IMM32.DLL
0x00007ffa435b0000 - 0x00007ffa435bc000 	D:\eclipse-java-2023-09-R-win32-x86_64\eclipse\plugins\org.eclipse.justj.openjdk.hotspot.jre.full.win32.x86_64_17.0.8.v20230831-1047\jre\bin\vcruntime140_1.dll
0x00007ffa35280000 - 0x00007ffa35311000 	D:\eclipse-java-2023-09-R-win32-x86_64\eclipse\plugins\org.eclipse.justj.openjdk.hotspot.jre.full.win32.x86_64_17.0.8.v20230831-1047\jre\bin\msvcp140.dll
0x00007ff9f0180000 - 0x00007ff9f0dcc000 	D:\eclipse-java-2023-09-R-win32-x86_64\eclipse\plugins\org.eclipse.justj.openjdk.hotspot.jre.full.win32.x86_64_17.0.8.v20230831-1047\jre\bin\server\jvm.dll
0x00007ffa4d600000 - 0x00007ffa4d6b2000 	C:\WINDOWS\System32\ADVAPI32.dll
0x00007ffa4d0f0000 - 0x00007ffa4d19a000 	C:\WINDOWS\System32\sechost.dll
0x00007ffa4bdc0000 - 0x00007ffa4bde8000 	C:\WINDOWS\System32\bcrypt.dll
0x00007ffa4d970000 - 0x00007ffa4da85000 	C:\WINDOWS\System32\RPCRT4.dll
0x00007ffa47640000 - 0x00007ffa47649000 	C:\WINDOWS\SYSTEM32\WSOCK32.dll
0x00007ffa4a4b0000 - 0x00007ffa4a4fd000 	C:\WINDOWS\SYSTEM32\POWRPROF.dll
0x00007ffa4c190000 - 0x00007ffa4c201000 	C:\WINDOWS\System32\WS2_32.dll
0x00007ffa46440000 - 0x00007ffa46474000 	C:\WINDOWS\SYSTEM32\WINMM.dll
0x00007ffa44100000 - 0x00007ffa4410a000 	C:\WINDOWS\SYSTEM32\VERSION.dll
0x00007ffa4a490000 - 0x00007ffa4a4a3000 	C:\WINDOWS\SYSTEM32\UMPDC.dll
0x00007ffa4a740000 - 0x00007ffa4a758000 	C:\WINDOWS\SYSTEM32\kernel.appcore.dll
0x00007ffa427c0000 - 0x00007ffa427ca000 	D:\eclipse-java-2023-09-R-win32-x86_64\eclipse\plugins\org.eclipse.justj.openjdk.hotspot.jre.full.win32.x86_64_17.0.8.v20230831-1047\jre\bin\jimage.dll
0x00007ffa438e0000 - 0x00007ffa43b12000 	C:\WINDOWS\SYSTEM32\DBGHELP.DLL
0x00007ffa4d270000 - 0x00007ffa4d5f8000 	C:\WINDOWS\System32\combase.dll
0x00007ffa4c0a0000 - 0x00007ffa4c177000 	C:\WINDOWS\System32\OLEAUT32.dll
0x00007ffa43850000 - 0x00007ffa43882000 	C:\WINDOWS\SYSTEM32\dbgcore.DLL
0x00007ffa4be90000 - 0x00007ffa4bf0b000 	C:\WINDOWS\System32\bcryptPrimitives.dll
0x00007ffa14b00000 - 0x00007ffa14b3b000 	D:\eclipse-java-2023-09-R-win32-x86_64\eclipse\plugins\org.eclipse.justj.openjdk.hotspot.jre.full.win32.x86_64_17.0.8.v20230831-1047\jre\bin\jdwp.dll
0x00007ffa41db0000 - 0x00007ffa41dbe000 	D:\eclipse-java-2023-09-R-win32-x86_64\eclipse\plugins\org.eclipse.justj.openjdk.hotspot.jre.full.win32.x86_64_17.0.8.v20230831-1047\jre\bin\instrument.dll
0x00007ffa21130000 - 0x00007ffa21155000 	D:\eclipse-java-2023-09-R-win32-x86_64\eclipse\plugins\org.eclipse.justj.openjdk.hotspot.jre.full.win32.x86_64_17.0.8.v20230831-1047\jre\bin\java.dll
0x00007ffa1e420000 - 0x00007ffa1e438000 	D:\eclipse-java-2023-09-R-win32-x86_64\eclipse\plugins\org.eclipse.justj.openjdk.hotspot.jre.full.win32.x86_64_17.0.8.v20230831-1047\jre\bin\zip.dll
0x00007ffa4c7f0000 - 0x00007ffa4d04c000 	C:\WINDOWS\System32\SHELL32.dll
0x00007ffa49550000 - 0x00007ffa49e47000 	C:\WINDOWS\SYSTEM32\windows.storage.dll
0x00007ffa49410000 - 0x00007ffa4954f000 	C:\WINDOWS\SYSTEM32\wintypes.dll
0x00007ffa4d6c0000 - 0x00007ffa4d7b4000 	C:\WINDOWS\System32\SHCORE.dll
0x00007ffa4de30000 - 0x00007ffa4de8e000 	C:\WINDOWS\System32\shlwapi.dll
0x00007ffa4b550000 - 0x00007ffa4b571000 	C:\WINDOWS\SYSTEM32\profapi.dll
0x00007ffa41400000 - 0x00007ffa4140c000 	D:\eclipse-java-2023-09-R-win32-x86_64\eclipse\plugins\org.eclipse.justj.openjdk.hotspot.jre.full.win32.x86_64_17.0.8.v20230831-1047\jre\bin\dt_socket.dll
0x00007ffa4a120000 - 0x00007ffa4a14d000 	C:\WINDOWS\SYSTEM32\IPHLPAPI.DLL
0x00007ffa4abb0000 - 0x00007ffa4ac19000 	C:\WINDOWS\system32\mswsock.dll
0x00007ffa4a190000 - 0x00007ffa4a288000 	C:\WINDOWS\SYSTEM32\DNSAPI.dll
0x00007ffa4c180000 - 0x00007ffa4c189000 	C:\WINDOWS\System32\NSI.dll
0x00007ffa42b30000 - 0x00007ffa42b3a000 	C:\Windows\System32\rasadhlp.dll
0x00007ffa44110000 - 0x00007ffa44193000 	C:\WINDOWS\System32\fwpuclnt.dll
0x00007ffa1d720000 - 0x00007ffa1d739000 	D:\eclipse-java-2023-09-R-win32-x86_64\eclipse\plugins\org.eclipse.justj.openjdk.hotspot.jre.full.win32.x86_64_17.0.8.v20230831-1047\jre\bin\net.dll
0x00007ffa46860000 - 0x00007ffa46996000 	C:\WINDOWS\SYSTEM32\WINHTTP.dll
0x00007ffa154b0000 - 0x00007ffa154c5000 	D:\eclipse-java-2023-09-R-win32-x86_64\eclipse\plugins\org.eclipse.justj.openjdk.hotspot.jre.full.win32.x86_64_17.0.8.v20230831-1047\jre\bin\nio.dll
0x00007ffa35270000 - 0x00007ffa35280000 	D:\eclipse-java-2023-09-R-win32-x86_64\eclipse\plugins\org.eclipse.justj.openjdk.hotspot.jre.full.win32.x86_64_17.0.8.v20230831-1047\jre\bin\verify.dll
0x00007ffa35130000 - 0x00007ffa35139000 	D:\eclipse-java-2023-09-R-win32-x86_64\eclipse\plugins\org.eclipse.justj.openjdk.hotspot.jre.full.win32.x86_64_17.0.8.v20230831-1047\jre\bin\management.dll
0x00007ffa21be0000 - 0x00007ffa21beb000 	D:\eclipse-java-2023-09-R-win32-x86_64\eclipse\plugins\org.eclipse.justj.openjdk.hotspot.jre.full.win32.x86_64_17.0.8.v20230831-1047\jre\bin\management_ext.dll
0x00007ffa4da90000 - 0x00007ffa4da98000 	C:\WINDOWS\System32\PSAPI.DLL
0x00007ffa18e60000 - 0x00007ffa18e6e000 	D:\eclipse-java-2023-09-R-win32-x86_64\eclipse\plugins\org.eclipse.justj.openjdk.hotspot.jre.full.win32.x86_64_17.0.8.v20230831-1047\jre\bin\sunmscapi.dll
0x00007ffa4b6c0000 - 0x00007ffa4b827000 	C:\WINDOWS\System32\CRYPT32.dll
0x00007ffa4afb0000 - 0x00007ffa4afde000 	C:\WINDOWS\SYSTEM32\ncrypt.dll
0x00007ffa4af70000 - 0x00007ffa4afa7000 	C:\WINDOWS\SYSTEM32\NTASN1.dll
0x00007ffa4ae20000 - 0x00007ffa4ae3b000 	C:\WINDOWS\SYSTEM32\CRYPTSP.dll
0x00007ffa4a6a0000 - 0x00007ffa4a6d5000 	C:\WINDOWS\system32\rsaenh.dll
0x00007ffa4acb0000 - 0x00007ffa4acd8000 	C:\WINDOWS\SYSTEM32\USERENV.dll
0x00007ffa4ae10000 - 0x00007ffa4ae1c000 	C:\WINDOWS\SYSTEM32\CRYPTBASE.dll
0x00007ffa469c0000 - 0x00007ffa469d9000 	C:\WINDOWS\SYSTEM32\dhcpcsvc6.DLL
0x00007ffa46380000 - 0x00007ffa4639f000 	C:\WINDOWS\SYSTEM32\dhcpcsvc.DLL
0x00007ffa35b90000 - 0x00007ffa35b98000 	C:\WINDOWS\system32\wshunix.dll

dbghelp: loaded successfully - version: 4.0.5 - missing functions: none
symbol engine: initialized successfully - sym options: 0x614 - pdb path: .;D:\eclipse-java-2023-09-R-win32-x86_64\eclipse\plugins\org.eclipse.justj.openjdk.hotspot.jre.full.win32.x86_64_17.0.8.v20230831-1047\jre\bin;C:\WINDOWS\SYSTEM32;C:\WINDOWS\WinSxS\amd64_microsoft.windows.common-controls_6595b64144ccf1df_6.0.22621.3672_none_2713b9d173822955;D:\eclipse-java-2023-09-R-win32-x86_64\eclipse\plugins\org.eclipse.justj.openjdk.hotspot.jre.full.win32.x86_64_17.0.8.v20230831-1047\jre\bin\server

VM Arguments:
jvm_args: -XX:+ShowCodeDetailsInExceptionMessages -agentlib:jdwp=transport=dt_socket,suspend=y,address=localhost:53584 -javaagent:D:\eclipse-java-2023-09-R-win32-x86_64\eclipse\configuration\org.eclipse.osgi\252\0\.cp\lib\javaagent-shaded.jar -Dfile.encoding=UTF-8 -Dstdout.encoding=UTF-8 -Dstderr.encoding=UTF-8 
java_command: com.funix.foodsaverAPI.FoodSaverApiApplication
java_class_path (initial): D:\Projects\GraduationThesis\FoodSaver\FoodSaver-API\target\classes;C:\Users\duong\.m2\repository\org\springframework\boot\spring-boot-starter-data-jpa\3.3.1\spring-boot-starter-data-jpa-3.3.1.jar;C:\Users\duong\.m2\repository\org\springframework\boot\spring-boot-starter-aop\3.3.1\spring-boot-starter-aop-3.3.1.jar;C:\Users\duong\.m2\repository\org\aspectj\aspectjweaver\1.9.22\aspectjweaver-1.9.22.jar;C:\Users\duong\.m2\repository\org\springframework\boot\spring-boot-starter-jdbc\3.3.1\spring-boot-starter-jdbc-3.3.1.jar;C:\Users\duong\.m2\repository\com\zaxxer\HikariCP\5.1.0\HikariCP-5.1.0.jar;C:\Users\duong\.m2\repository\org\springframework\spring-jdbc\6.1.10\spring-jdbc-6.1.10.jar;C:\Users\duong\.m2\repository\org\hibernate\orm\hibernate-core\6.5.2.Final\hibernate-core-6.5.2.Final.jar;C:\Users\duong\.m2\repository\jakarta\persistence\jakarta.persistence-api\3.1.0\jakarta.persistence-api-3.1.0.jar;C:\Users\duong\.m2\repository\jakarta\transaction\jakarta.transaction-api\2.0.1\jakarta.transaction-api-2.0.1.jar;C:\Users\duong\.m2\repository\org\jboss\logging\jboss-logging\3.5.3.Final\jboss-logging-3.5.3.Final.jar;C:\Users\duong\.m2\repository\org\hibernate\common\hibernate-commons-annotations\6.0.6.Final\hibernate-commons-annotations-6.0.6.Final.jar;C:\Users\duong\.m2\repository\io\smallrye\jandex\3.1.2\jandex-3.1.2.jar;C:\Users\duong\.m2\repository\com\fasterxml\classmate\1.7.0\classmate-1.7.0.jar;C:\Users\duong\.m2\repository\net\bytebuddy\byte-buddy\1.14.17\byte-buddy-1.14.17.jar;C:\Users\duong\.m2\repository\org\glassfish\jaxb\jaxb-runtime\4.0.5\jaxb-runtime-4.0.5.jar;C:\Users\duong\.m2\repository\org\glassfish\jaxb\jaxb-core\4.0.5\jaxb-core-4.0.5.jar;C:\Users\duong\.m2\repository\org\eclipse\angus\angus-activation\2.0.2\angus-activation-2.0.2.jar;C:\Users\duong\.m2\repository\org\glassfish\jaxb\txw2\4.0.5\txw2-4.0.5.jar;C:\Users\duong\.m2\repository\com\sun\istack\istack-commons-runtime\4.1.2\istack-commons-runtime-4.1.2.jar;C:\Users
Launcher Type: SUN_STANDARD

[Global flags]
     intx CICompilerCount                          = 4                                         {product} {ergonomic}
     uint ConcGCThreads                            = 2                                         {product} {ergonomic}
     uint G1ConcRefinementThreads                  = 8                                         {product} {ergonomic}
   size_t G1HeapRegionSize                         = 2097152                                   {product} {ergonomic}
    uintx GCDrainStackTargetSize                   = 64                                        {product} {ergonomic}
   size_t InitialHeapSize                          = 266338304                                 {product} {ergonomic}
   size_t MarkStackSize                            = 4194304                                   {product} {ergonomic}
   size_t MaxHeapSize                              = 4255121408                                {product} {ergonomic}
   size_t MaxNewSize                               = 2552233984                                {product} {ergonomic}
   size_t MinHeapDeltaBytes                        = 2097152                                   {product} {ergonomic}
   size_t MinHeapSize                              = 8388608                                   {product} {ergonomic}
    uintx NonNMethodCodeHeapSize                   = 5839372                                {pd product} {ergonomic}
    uintx NonProfiledCodeHeapSize                  = 122909434                              {pd product} {ergonomic}
    uintx ProfiledCodeHeapSize                     = 122909434                              {pd product} {ergonomic}
    uintx ReservedCodeCacheSize                    = 251658240                              {pd product} {ergonomic}
     bool SegmentedCodeCache                       = true                                      {product} {ergonomic}
     bool ShowCodeDetailsInExceptionMessages       = true                                   {manageable} {command line}
   size_t SoftMaxHeapSize                          = 4255121408                             {manageable} {ergonomic}
     bool UseCompressedClassPointers               = true                           {product lp64_product} {ergonomic}
     bool UseCompressedOops                        = true                           {product lp64_product} {ergonomic}
     bool UseG1GC                                  = true                                      {product} {ergonomic}
     bool UseLargePagesIndividualAllocation        = false                                  {pd product} {ergonomic}

Logging:
Log output configuration:
 #0: stdout all=warning uptime,level,tags
 #1: stderr all=off uptime,level,tags

Environment Variables:
JAVA_HOME=C:\Program Files\Java\jdk-11
PATH=D:\eclipse-java-2023-09-R-win32-x86_64\eclipse\plugins\org.eclipse.justj.openjdk.hotspot.jre.full.win32.x86_64_17.0.8.v20230831-1047\jre\bin;D:/eclipse-java-2023-09-R-win32-x86_64/eclipse//plugins/org.eclipse.justj.openjdk.hotspot.jre.full.win32.x86_64_17.0.10.v20240120-1143/jre/bin/server;D:/eclipse-java-2023-09-R-win32-x86_64/eclipse//plugins/org.eclipse.justj.openjdk.hotspot.jre.full.win32.x86_64_17.0.10.v20240120-1143/jre/bin;C:\Program Files\Common Files\Oracle\Java\javapath;C:\Windows\system32;C:\Windows;C:\Windows\System32\Wbem;C:\Windows\System32\WindowsPowerShell\v1.0\;C:\Windows\System32\OpenSSH\;C:\Program Files (x86)\NVIDIA Corporation\PhysX\Common;C:\Program Files\NVIDIA Corporation\NVIDIA NvDLISR;C:\Program Files\Microsoft SQL Server\130\Tools\Binn\;C:\Program Files\Microsoft SQL Server\Client SDK\ODBC\170\Tools\Binn\;C:\Program Files (x86)\Microsoft SQL Server\150\Tools\Binn\;C:\Program Files\Microsoft SQL Server\150\Tools\Binn\;C:\Program Files\Microsoft SQL Server\150\DTS\Binn\;C:\Program Files\Git\cmd;C:\WINDOWS\system32;C:\WINDOWS;C:\WINDOWS\System32\Wbem;C:\WINDOWS\System32\WindowsPowerShell\v1.0\;C:\WINDOWS\System32\OpenSSH\;C:\Program Files\dotnet\;C:\Gradle\gradle-7.4.2\bin;D:\Projects\Flutter\Thieu_Project\marvel_detection;C:\Program Files\nodejs;C:\Program Files\Maven\apache-maven-3.9.5-bin\apache-maven-3.9.5\bin;C:\Users\duong\AppData\Local\Programs\Python\Python311;C:\Users\duong\AppData\Local\Programs\Python\Python311\Scripts;C:\Spark\spark-3.5.0-bin-hadoop3\bin;C:\Program Files\Java\jdk-11\bin;D:\hadoop-3.3.6\bin;D:\hadoop-3.3.6\sbin;C:\Users\duong\AppData\Local\Programs\Python\Python311\Scripts\;C:\Users\duong\AppData\Local\Programs\Python\Python311\;C:\Users\duong\AppData\Local\Programs\Python\Launcher\;C:\Users\duong\AppData\Local\Microsoft\WindowsApps;C:\Users\duong\AppData\Local\Programs\Microsoft VS Code\bin;C:\Program Files\Azure Data Studio\bin;C:\Users\duong\.dotnet\tools;C:\Program Files\Java\jdk-11\bin;C:\Gradle\gradle-7.4.2
USERNAME=ThieuDuong
OS=Windows_NT
PROCESSOR_IDENTIFIER=Intel64 Family 6 Model 158 Stepping 13, GenuineIntel
TMP=C:\Users\duong\AppData\Local\Temp
TEMP=C:\Users\duong\AppData\Local\Temp



---------------  S Y S T E M  ---------------

OS:
 Windows 11 , 64 bit Build 22621 (10.0.22621.3672)
OS uptime: 25 days 10:45 hours

CPU: total 8 (initial active 8) (4 cores per cpu, 2 threads per core) family 6 model 158 stepping 13 microcode 0xde, cx8, cmov, fxsr, ht, mmx, 3dnowpref, sse, sse2, sse3, ssse3, sse4.1, sse4.2, popcnt, lzcnt, tsc, tscinvbit, avx, avx2, aes, erms, clmul, bmi1, bmi2, adx, fma, vzeroupper, clflush, clflushopt
Processor Information for all 8 processors :
  Max Mhz: 2401, Current Mhz: 2400, Mhz Limit: 2376

Memory: 4k page, system-wide physical 16228M (2506M free)
TotalPageFile size 25473M (AvailPageFile size 3020M)
current process WorkingSet (physical memory assigned to process): 517M, peak: 525M
current process commit charge ("private bytes"): 548M, peak: 576M

vm_info: OpenJDK 64-Bit Server VM (17.0.8.1+1) for windows-amd64 JRE (17.0.8.1+1), built on Aug 23 2023 15:29:17 by "admin" with MS VC++ 16.7 (VS2019)

END.
